<?xml version="1.0" encoding="UTF-8"?>
<testng-results ignored="0" total="1" passed="1" failed="0" skipped="0">
  <reporter-output>
  </reporter-output>
  <suite started-at="2024-12-23T16:26:22 IST" name="Default suite" finished-at="2024-12-23T16:26:24 IST" duration-ms="2263">
    <groups>
    </groups>
    <test started-at="2024-12-23T16:26:22 IST" name="Default test" finished-at="2024-12-23T16:26:24 IST" duration-ms="2263">
      <class name="SumOfCourses">
        <test-method signature="sumValidation()[pri:0, instance:SumOfCourses@16d04d3d]" started-at="2024-12-23T16:26:22 IST" name="sumValidation" finished-at="2024-12-23T16:26:24 IST" duration-ms="2186" status="PASS">
          <reporter-output>
          </reporter-output>
        </test-method> <!-- sumValidation -->
      </class> <!-- SumOfCourses -->
    </test> <!-- Default test -->
  </suite> <!-- Default suite -->
</testng-results>
